c:\users\plasma\desktop\api_teamproject\api_team_project\api_team_project\x64\debug\api_team_project.pch
c:\users\plasma\desktop\api_teamproject\api_team_project\api_team_project\x64\debug\vc140.pdb
c:\users\plasma\desktop\api_teamproject\api_team_project\api_team_project\x64\debug\vc140.idb
c:\users\plasma\desktop\api_teamproject\api_team_project\api_team_project\x64\debug\stdafx.obj
c:\users\plasma\desktop\api_teamproject\api_team_project\api_team_project\x64\debug\api_team_project.obj
c:\users\plasma\desktop\api_teamproject\api_team_project\api_team_project\x64\debug\bossmonster.obj
c:\users\plasma\desktop\api_teamproject\api_team_project\api_team_project\x64\debug\bullet.obj
c:\users\plasma\desktop\api_teamproject\api_team_project\api_team_project\x64\debug\collisionmanager.obj
c:\users\plasma\desktop\api_teamproject\api_team_project\api_team_project\x64\debug\effect.obj
c:\users\plasma\desktop\api_teamproject\api_team_project\api_team_project\x64\debug\effectmanager.obj
c:\users\plasma\desktop\api_teamproject\api_team_project\api_team_project\x64\debug\gameobject.obj
c:\users\plasma\desktop\api_teamproject\api_team_project\api_team_project\x64\debug\helper.obj
c:\users\plasma\desktop\api_teamproject\api_team_project\api_team_project\x64\debug\itemmgr.obj
c:\users\plasma\desktop\api_teamproject\api_team_project\api_team_project\x64\debug\keymanager.obj
c:\users\plasma\desktop\api_teamproject\api_team_project\api_team_project\x64\debug\linearmonster.obj
c:\users\plasma\desktop\api_teamproject\api_team_project\api_team_project\x64\debug\logoscene.obj
c:\users\plasma\desktop\api_teamproject\api_team_project\api_team_project\x64\debug\maingame.obj
c:\users\plasma\desktop\api_teamproject\api_team_project\api_team_project\x64\debug\monster.obj
c:\users\plasma\desktop\api_teamproject\api_team_project\api_team_project\x64\debug\player.obj
c:\users\plasma\desktop\api_teamproject\api_team_project\api_team_project\x64\debug\resourcemanager.obj
c:\users\plasma\desktop\api_teamproject\api_team_project\api_team_project\x64\debug\scene.obj
c:\users\plasma\desktop\api_teamproject\api_team_project\api_team_project\x64\debug\soundmanager.obj
c:\users\plasma\desktop\api_teamproject\api_team_project\api_team_project\x64\debug\stage1scene.obj
c:\users\plasma\desktop\api_teamproject\api_team_project\api_team_project\x64\debug\zigzagmonster.obj
c:\users\plasma\desktop\api_teamproject\api_team_project\api_team_project\x64\debug\uimgr.obj
c:\users\plasma\desktop\api_teamproject\api_team_project\x64\debug\api_team_project.ilk
c:\users\plasma\desktop\api_teamproject\api_team_project\x64\debug\api_team_project.exe
c:\users\plasma\desktop\api_teamproject\api_team_project\x64\debug\api_team_project.pdb
c:\users\plasma\desktop\api_teamproject\api_team_project\api_team_project\x64\debug\api_team_project.res
c:\users\plasma\desktop\api_teamproject\api_team_project\api_team_project\x64\debug\api_team_project.tlog\cl.command.1.tlog
c:\users\plasma\desktop\api_teamproject\api_team_project\api_team_project\x64\debug\api_team_project.tlog\cl.read.1.tlog
c:\users\plasma\desktop\api_teamproject\api_team_project\api_team_project\x64\debug\api_team_project.tlog\cl.write.1.tlog
c:\users\plasma\desktop\api_teamproject\api_team_project\api_team_project\x64\debug\api_team_project.tlog\link.command.1.tlog
c:\users\plasma\desktop\api_teamproject\api_team_project\api_team_project\x64\debug\api_team_project.tlog\link.read.1.tlog
c:\users\plasma\desktop\api_teamproject\api_team_project\api_team_project\x64\debug\api_team_project.tlog\link.write.1.tlog
c:\users\plasma\desktop\api_teamproject\api_team_project\api_team_project\x64\debug\api_team_project.tlog\rc.command.1.tlog
c:\users\plasma\desktop\api_teamproject\api_team_project\api_team_project\x64\debug\api_team_project.tlog\rc.read.1.tlog
c:\users\plasma\desktop\api_teamproject\api_team_project\api_team_project\x64\debug\api_team_project.tlog\rc.write.1.tlog
